mode: set
github.com/a1ishm/wallet/pkg/wallet/service.go:33.78,34.37 1 1
github.com/a1ishm/wallet/pkg/wallet/service.go:39.2,47.21 4 1
github.com/a1ishm/wallet/pkg/wallet/service.go:34.37,35.29 1 0
github.com/a1ishm/wallet/pkg/wallet/service.go:35.29,37.4 1 0
github.com/a1ishm/wallet/pkg/wallet/service.go:51.76,53.37 2 0
github.com/a1ishm/wallet/pkg/wallet/service.go:59.2,59.32 1 0
github.com/a1ishm/wallet/pkg/wallet/service.go:53.37,54.30 1 0
github.com/a1ishm/wallet/pkg/wallet/service.go:54.30,57.4 2 0
github.com/a1ishm/wallet/pkg/wallet/service.go:63.116,64.17 1 1
github.com/a1ishm/wallet/pkg/wallet/service.go:68.2,69.33 2 1
github.com/a1ishm/wallet/pkg/wallet/service.go:75.2,75.20 1 1
github.com/a1ishm/wallet/pkg/wallet/service.go:79.2,79.30 1 1
github.com/a1ishm/wallet/pkg/wallet/service.go:83.2,93.21 5 1
github.com/a1ishm/wallet/pkg/wallet/service.go:64.17,66.3 1 0
github.com/a1ishm/wallet/pkg/wallet/service.go:69.33,70.26 1 1
github.com/a1ishm/wallet/pkg/wallet/service.go:70.26,72.9 2 1
github.com/a1ishm/wallet/pkg/wallet/service.go:75.20,77.3 1 0
github.com/a1ishm/wallet/pkg/wallet/service.go:79.30,81.3 1 0
github.com/a1ishm/wallet/pkg/wallet/service.go:97.77,99.37 2 1
github.com/a1ishm/wallet/pkg/wallet/service.go:105.2,105.32 1 1
github.com/a1ishm/wallet/pkg/wallet/service.go:99.37,100.30 1 1
github.com/a1ishm/wallet/pkg/wallet/service.go:100.30,103.4 2 1
github.com/a1ishm/wallet/pkg/wallet/service.go:109.50,112.16 2 0
github.com/a1ishm/wallet/pkg/wallet/service.go:117.2,121.17 3 0
github.com/a1ishm/wallet/pkg/wallet/service.go:126.2,127.12 2 0
github.com/a1ishm/wallet/pkg/wallet/service.go:112.16,115.3 2 0
github.com/a1ishm/wallet/pkg/wallet/service.go:121.17,124.3 2 0
github.com/a1ishm/wallet/pkg/wallet/service.go:131.70,132.17 1 1
github.com/a1ishm/wallet/pkg/wallet/service.go:136.2,137.33 2 1
github.com/a1ishm/wallet/pkg/wallet/service.go:144.2,144.20 1 1
github.com/a1ishm/wallet/pkg/wallet/service.go:148.2,149.12 2 1
github.com/a1ishm/wallet/pkg/wallet/service.go:132.17,134.3 1 0
github.com/a1ishm/wallet/pkg/wallet/service.go:137.33,138.26 1 1
github.com/a1ishm/wallet/pkg/wallet/service.go:138.26,140.9 2 1
github.com/a1ishm/wallet/pkg/wallet/service.go:144.20,146.3 1 0
github.com/a1ishm/wallet/pkg/wallet/service.go:153.68,156.16 2 1
github.com/a1ishm/wallet/pkg/wallet/service.go:161.2,163.17 2 1
github.com/a1ishm/wallet/pkg/wallet/service.go:167.2,167.19 1 1
github.com/a1ishm/wallet/pkg/wallet/service.go:156.16,159.3 2 1
github.com/a1ishm/wallet/pkg/wallet/service.go:163.17,165.3 1 0
